Using pre-set license
Built from '2021.3/staging' branch; Version is '2021.3.30f1 (b4360d7cdac4) revision 11810317'; Using compiler version '192829333'; Build Type 'Release'
OS: 'Windows 11  (10.0.22621) 64bit Professional' Language: 'en' Physical Memory: 65315 MB
BatchMode: 1, IsHumanControllingUs: 0, StartBugReporterOnCrash: 0, Is64bit: 1, IsPro: 1

COMMAND LINE ARGUMENTS:
D:\Apps\Unity\2021.3.30f1\Editor\Unity.exe
-adb2
-batchMode
-noUpm
-name
AssetImportWorker2
-projectPath
D:/Saxion Work/3_1 Project Innovation/Project-Innovation
-logFile
Logs/AssetImportWorker2.log
-srvPort
54029
Successfully changed project path to: D:/Saxion Work/3_1 Project Innovation/Project-Innovation
D:/Saxion Work/3_1 Project Innovation/Project-Innovation
[UnityMemory] Configuration Parameters - Can be set up in boot.config
    "memorysetup-bucket-allocator-granularity=16"
    "memorysetup-bucket-allocator-bucket-count=8"
    "memorysetup-bucket-allocator-block-size=33554432"
    "memorysetup-bucket-allocator-block-count=8"
    "memorysetup-main-allocator-block-size=16777216"
    "memorysetup-thread-allocator-block-size=16777216"
    "memorysetup-gfx-main-allocator-block-size=16777216"
    "memorysetup-gfx-thread-allocator-block-size=16777216"
    "memorysetup-cache-allocator-block-size=4194304"
    "memorysetup-typetree-allocator-block-size=2097152"
    "memorysetup-profiler-bucket-allocator-granularity=16"
    "memorysetup-profiler-bucket-allocator-bucket-count=8"
    "memorysetup-profiler-bucket-allocator-block-size=33554432"
    "memorysetup-profiler-bucket-allocator-block-count=8"
    "memorysetup-profiler-allocator-block-size=16777216"
    "memorysetup-profiler-editor-allocator-block-size=1048576"
    "memorysetup-temp-allocator-size-main=16777216"
    "memorysetup-job-temp-allocator-block-size=2097152"
    "memorysetup-job-temp-allocator-block-size-background=1048576"
    "memorysetup-job-temp-allocator-reduction-small-platforms=262144"
    "memorysetup-temp-allocator-size-background-worker=32768"
    "memorysetup-temp-allocator-size-job-worker=262144"
    "memorysetup-temp-allocator-size-preload-manager=33554432"
    "memorysetup-temp-allocator-size-nav-mesh-worker=65536"
    "memorysetup-temp-allocator-size-audio-worker=65536"
    "memorysetup-temp-allocator-size-cloud-worker=32768"
    "memorysetup-temp-allocator-size-gi-baking-worker=262144"
    "memorysetup-temp-allocator-size-gfx=262144"
Player connection [36700] Host "[IP] 145.76.107.219 [Port] 0 [Flags] 2 [Guid] 3899389229 [EditorId] 3899389229 [Version] 1048832 [Id] WindowsEditor(7,LAPTOP-BCVUE551) [Debug] 1 [PackageName] WindowsEditor [ProjectName] Editor" joined multi-casting on [225.0.0.222:54997]...

Player connection [36700] Host "[IP] 145.76.107.219 [Port] 0 [Flags] 2 [Guid] 3899389229 [EditorId] 3899389229 [Version] 1048832 [Id] WindowsEditor(7,LAPTOP-BCVUE551) [Debug] 1 [PackageName] WindowsEditor [ProjectName] Editor" joined alternative multi-casting on [225.0.0.222:34997]...

[Physics::Module] Initialized MultithreadedJobDispatcher with {0} workers.
Refreshing native plugins compatible for Editor in 177.19 ms, found 11 plugins.
Preloading 1 native plugins for Editor in 0.74 ms.
Initialize engine version: 2021.3.30f1 (b4360d7cdac4)
[Subsystems] Discovering subsystems at path D:/Apps/Unity/2021.3.30f1/Editor/Data/Resources/UnitySubsystems
[Subsystems] Discovering subsystems at path D:/Saxion Work/3_1 Project Innovation/Project-Innovation/Assets
GfxDevice: creating device client; threaded=0; jobified=0
Direct3D:
    Version:  Direct3D 11.0 [level 11.1]
    Renderer: NVIDIA RTX A3000 Laptop GPU (ID=0x24b8)
    Vendor:   NVIDIA
    VRAM:     6016 MB
    Driver:   31.0.15.1640
Initialize mono
Mono path[0] = 'D:/Apps/Unity/2021.3.30f1/Editor/Data/Managed'
Mono path[1] = 'D:/Apps/Unity/2021.3.30f1/Editor/Data/MonoBleedingEdge/lib/mono/unityjit-win32'
Mono config path = 'D:/Apps/Unity/2021.3.30f1/Editor/Data/MonoBleedingEdge/etc'
Using monoOptions --debugger-agent=transport=dt_socket,embedding=1,server=y,suspend=n,address=127.0.0.1:56484
Begin MonoManager ReloadAssembly
Registering precompiled unity dll's ...
Register platform support module: D:/Apps/Unity/2021.3.30f1/Editor/Data/PlaybackEngines/AndroidPlayer/UnityEditor.Android.Extensions.dll
Register platform support module: D:/Apps/Unity/2021.3.30f1/Editor/Data/PlaybackEngines/WindowsStandaloneSupport/UnityEditor.WindowsStandalone.Extensions.dll
Registered in 0.002555 seconds.
Native extension for WindowsStandalone target not found
Native extension for Android target not found
Android Extension - Scanning For ADB Devices 422 ms
Refreshing native plugins compatible for Editor in 124.25 ms, found 11 plugins.
Preloading 1 native plugins for Editor in 0.07 ms.
Mono: successfully reloaded assembly
- Completed reload, in  1.148 seconds
Domain Reload Profiling:
	ReloadAssembly (1148ms)
		BeginReloadAssembly (97ms)
			ExecutionOrderSort (0ms)
			DisableScriptedObjects (0ms)
			BackupInstance (0ms)
			ReleaseScriptingObjects (0ms)
			CreateAndSetChildDomain (1ms)
		EndReloadAssembly (957ms)
			LoadAssemblies (97ms)
			RebuildTransferFunctionScriptingTraits (0ms)
			SetupTypeCache (114ms)
			ReleaseScriptCaches (0ms)
			RebuildScriptCaches (27ms)
			SetupLoadedEditorAssemblies (777ms)
				LogAssemblyErrors (0ms)
				InitializePlatformSupportModulesInManaged (533ms)
				SetLoadedEditorAssemblies (0ms)
				RefreshPlugins (124ms)
				BeforeProcessingInitializeOnLoad (1ms)
				ProcessInitializeOnLoadAttributes (74ms)
				ProcessInitializeOnLoadMethodAttributes (44ms)
				AfterProcessingInitializeOnLoad (0ms)
				EditorAssembliesLoaded (0ms)
			ExecutionOrderSort2 (0ms)
			AwakeInstancesAfterBackupRestoration (0ms)
Platform modules already initialized, skipping
Registering precompiled user dll's ...
Registered in 0.009834 seconds.
Begin MonoManager ReloadAssembly
Native extension for WindowsStandalone target not found
Native extension for Android target not found
Refreshing native plugins compatible for Editor in 148.91 ms, found 11 plugins.
Preloading 1 native plugins for Editor in 0.08 ms.
Package Manager log level set to [2]
[Package Manager] Server::EnsureServerProcessIsRunning -- launch failed, reason: Unity was launched with the -noUpm command-line argument
[Package Manager] Cannot connect to Unity Package Manager local server
Mono: successfully reloaded assembly
- Completed reload, in  1.886 seconds
Domain Reload Profiling:
	ReloadAssembly (1887ms)
		BeginReloadAssembly (125ms)
			ExecutionOrderSort (0ms)
			DisableScriptedObjects (5ms)
			BackupInstance (0ms)
			ReleaseScriptingObjects (0ms)
			CreateAndSetChildDomain (22ms)
		EndReloadAssembly (1648ms)
			LoadAssemblies (116ms)
			RebuildTransferFunctionScriptingTraits (0ms)
			SetupTypeCache (372ms)
			ReleaseScriptCaches (1ms)
			RebuildScriptCaches (94ms)
			SetupLoadedEditorAssemblies (1014ms)
				LogAssemblyErrors (0ms)
				InitializePlatformSupportModulesInManaged (17ms)
				SetLoadedEditorAssemblies (0ms)
				RefreshPlugins (149ms)
				BeforeProcessingInitializeOnLoad (110ms)
				ProcessInitializeOnLoadAttributes (656ms)
				ProcessInitializeOnLoadMethodAttributes (78ms)
				AfterProcessingInitializeOnLoad (3ms)
				EditorAssembliesLoaded (0ms)
			ExecutionOrderSort2 (0ms)
			AwakeInstancesAfterBackupRestoration (8ms)
Platform modules already initialized, skipping
========================================================================
Worker process is ready to serve import requests
Launched and connected shader compiler UnityShaderCompiler.exe after 0.06 seconds
Refreshing native plugins compatible for Editor in 1.65 ms, found 11 plugins.
Preloading 1 native plugins for Editor in 0.05 ms.
Unloading 5635 Unused Serialized files (Serialized files now loaded: 0)
Unloading 140 unused Assets / (0.7 MB). Loaded Objects now: 6008.
Memory consumption went from 227.1 MB to 226.4 MB.
Total: 4.683200 ms (FindLiveObjects: 0.463200 ms CreateObjectMapping: 0.237000 ms MarkObjects: 3.614300 ms  DeleteObjects: 0.367700 ms)

AssetImportParameters requested are different than current active one (requested -> active):
  custom:video-decoder-ogg-theora: a1e56fd34408186e4bbccfd4996cb3dc -> 
  custom:container-muxer-webm: aa71ff27fc2769a1b78a27578f13a17b -> 
  custom:container-demuxer-webm: 4f35f7cbe854078d1ac9338744f61a02 -> 
  custom:video-encoder-webm-vp8: eb34c28f22e8b96e1ab97ce403110664 -> 
  custom:CustomObjectIndexerAttribute: 6b0e35c9178b02a6363f3721b7b8e397 -> 
  custom:audio-encoder-webm-vorbis: bf7c407c2cedff20999df2af8eb42d56 -> 
  custom:framework-win-MediaFoundation: 216162199b28c13a410421893ffa2e32 -> 
  custom:SearchIndexIgnoredProperties: e643bd26f0fe6173181afceb89e7c659 -> 
  custom:container-demuxer-ogg: 62fdf1f143b41e24485cea50d1cbac27 -> 
  custom:video-decoder-webm-vp8: 9c59270c3fd7afecdb556c50c9e8de78 -> 
  custom:audio-decoder-ogg-vorbis: bf7c407c2cedff20999df2af8eb42d56 -> 
========================================================================
Received Import Request.
  Time since last request: 166212.138344 seconds.
  path: Assets/Custom Player Stuf/Final Player/SPECTERPLZ@Crouching Idle.fbx
  artifactKey: Guid(f9a90b9a57d6cf0409bc190802523d33) Importer(815301076,1909f56bfc062723c751e8b465ee728b)
Number of updated assets reloaded before import = 0
Start importing Assets/Custom Player Stuf/Final Player/SPECTERPLZ@Crouching Idle.fbx using Guid(f9a90b9a57d6cf0409bc190802523d33) Importer(815301076,1909f56bfc062723c751e8b465ee728b)  -> (artifact id: '32401d402200f9d7d9ea8fefaadc0a31') in 0.444003 seconds 
Number of asset objects unloaded after import = 178
========================================================================
Received Import Request.
  Time since last request: 0.000037 seconds.
  path: Assets/Custom Player Stuf/Final Player/Materials/Body_Material.mat
  artifactKey: Guid(89bdf5b3ab97cf14097878c2f042d3e9) Importer(815301076,1909f56bfc062723c751e8b465ee728b)
Number of updated assets reloaded before import = 0
Start importing Assets/Custom Player Stuf/Final Player/Materials/Body_Material.mat using Guid(89bdf5b3ab97cf14097878c2f042d3e9) Importer(815301076,1909f56bfc062723c751e8b465ee728b)  -> (artifact id: '825d2f4ed2c0ac30985bf7a483836487') in 0.029685 seconds 
Number of asset objects unloaded after import = 6
========================================================================
Received Import Request.
  Time since last request: 0.539077 seconds.
  path: Assets/Invector-3rdPersonController_LITE/3D Models/Others/HealthItem/Materials/sphereHealthTexture.mat
  artifactKey: Guid(2ea2be3c573d8a647ac0525c063639ce) Importer(815301076,1909f56bfc062723c751e8b465ee728b)
Number of updated assets reloaded before import = 0
Start importing Assets/Invector-3rdPersonController_LITE/3D Models/Others/HealthItem/Materials/sphereHealthTexture.mat using Guid(2ea2be3c573d8a647ac0525c063639ce) Importer(815301076,1909f56bfc062723c751e8b465ee728b)  -> (artifact id: '7155600dc5813b2f3dc038bb1cbe8baf') in 0.036164 seconds 
Number of asset objects unloaded after import = 3
========================================================================
Received Import Request.
  Time since last request: 2.667796 seconds.
  path: Assets/Art/Assets/Environment/exit_uv.obj
  artifactKey: Guid(fc8ada5ebf85e0740a77cdf296950231) Importer(815301076,1909f56bfc062723c751e8b465ee728b)
Number of updated assets reloaded before import = 0
Start importing Assets/Art/Assets/Environment/exit_uv.obj using Guid(fc8ada5ebf85e0740a77cdf296950231) Importer(815301076,1909f56bfc062723c751e8b465ee728b)  -> (artifact id: '12908f3fe464a8cb3c930217253dcc60') in 0.063642 seconds 
Number of asset objects unloaded after import = 14
========================================================================
Received Import Request.
  Time since last request: 1.179163 seconds.
  path: Assets/Invector-3rdPersonController_LITE/3D Models/Others/Materials/invector-icon-black.mat
  artifactKey: Guid(39d6724e2b23c8b428548aa580145ac7) Importer(815301076,1909f56bfc062723c751e8b465ee728b)
Number of updated assets reloaded before import = 0
Start importing Assets/Invector-3rdPersonController_LITE/3D Models/Others/Materials/invector-icon-black.mat using Guid(39d6724e2b23c8b428548aa580145ac7) Importer(815301076,1909f56bfc062723c751e8b465ee728b)  -> (artifact id: '00ece08db7e2145851d88c0941b37a73') in 0.010345 seconds 
Number of asset objects unloaded after import = 2
========================================================================
Received Import Request.
  Time since last request: 0.000024 seconds.
  path: Assets/Invector-3rdPersonController_LITE/3D Models/Others/Materials/invector-logo.mat
  artifactKey: Guid(6bacfe8fec5efc14b8c1704a0cb71b29) Importer(815301076,1909f56bfc062723c751e8b465ee728b)
Number of updated assets reloaded before import = 0
Start importing Assets/Invector-3rdPersonController_LITE/3D Models/Others/Materials/invector-logo.mat using Guid(6bacfe8fec5efc14b8c1704a0cb71b29) Importer(815301076,1909f56bfc062723c751e8b465ee728b)  -> (artifact id: '084d3f855419a6bbb18092f9b51fcf20') in 0.012073 seconds 
Number of asset objects unloaded after import = 3
========================================================================
Received Import Request.
  Time since last request: 0.000023 seconds.
  path: Assets/Invector-3rdPersonController_LITE/3D Models/Others/Materials/invector-icon-light-gray.mat
  artifactKey: Guid(9ab2092d552a18c4e8d69676b61e9ed6) Importer(815301076,1909f56bfc062723c751e8b465ee728b)
Number of updated assets reloaded before import = 0
Start importing Assets/Invector-3rdPersonController_LITE/3D Models/Others/Materials/invector-icon-light-gray.mat using Guid(9ab2092d552a18c4e8d69676b61e9ed6) Importer(815301076,1909f56bfc062723c751e8b465ee728b)  -> (artifact id: 'a9d5b2e78395ebf42c64d1c8ed34809b') in 0.007545 seconds 
Number of asset objects unloaded after import = 2
========================================================================
Received Import Request.
  Time since last request: 127.186066 seconds.
  path: Assets/Art/Assets/Materials/Textures/Mug_Uv_initialShadingGroup_BaseMap1.png
  artifactKey: Guid(b71db9ab279772343806f93f9cf73eab) Importer(815301076,1909f56bfc062723c751e8b465ee728b)
Number of updated assets reloaded before import = 0
Start importing Assets/Art/Assets/Materials/Textures/Mug_Uv_initialShadingGroup_BaseMap1.png using Guid(b71db9ab279772343806f93f9cf73eab) Importer(815301076,1909f56bfc062723c751e8b465ee728b)  -> (artifact id: '7a9a326c871290b0349d8c206b92b5c8') in 0.024686 seconds 
Number of asset objects unloaded after import = 2
========================================================================
Received Import Request.
  Time since last request: 0.000030 seconds.
  path: Assets/Art/Assets/Materials/Textures/Mug_Uv_initialShadingGroup_MaskMap.png
  artifactKey: Guid(0552533cfde05b54a9fb3023a33cad86) Importer(815301076,1909f56bfc062723c751e8b465ee728b)
Number of updated assets reloaded before import = 0
Start importing Assets/Art/Assets/Materials/Textures/Mug_Uv_initialShadingGroup_MaskMap.png using Guid(0552533cfde05b54a9fb3023a33cad86) Importer(815301076,1909f56bfc062723c751e8b465ee728b)  -> (artifact id: 'f17095ae50d5f94fc15b35480f7d59df') in 0.016682 seconds 
Number of asset objects unloaded after import = 2
========================================================================
Received Import Request.
  Time since last request: 0.000046 seconds.
  path: Assets/Art/Assets/Materials/Textures/Mug_Uv_initialShadingGroup_Normal1.png
  artifactKey: Guid(9d44e22b54a9e8243801d5296d4037cd) Importer(815301076,1909f56bfc062723c751e8b465ee728b)
Number of updated assets reloaded before import = 0
Start importing Assets/Art/Assets/Materials/Textures/Mug_Uv_initialShadingGroup_Normal1.png using Guid(9d44e22b54a9e8243801d5296d4037cd) Importer(815301076,1909f56bfc062723c751e8b465ee728b)  -> (artifact id: 'bbf1ffef61b70811c3b6faf48d6215ca') in 0.021769 seconds 
Number of asset objects unloaded after import = 2
========================================================================
Received Import Request.
  Time since last request: 969.669060 seconds.
  path: Assets/Art/Assets/Environment/DoorUntextured.fbx
  artifactKey: Guid(cbd72e0ef86afb440aa4c79edcafe975) Importer(815301076,1909f56bfc062723c751e8b465ee728b)
Number of updated assets reloaded before import = 0
Start importing Assets/Art/Assets/Environment/DoorUntextured.fbx using Guid(cbd72e0ef86afb440aa4c79edcafe975) Importer(815301076,1909f56bfc062723c751e8b465ee728b)  -> (artifact id: 'cf0f87d7c97321dc96b959b076e0c74f') in 0.038493 seconds 
Number of asset objects unloaded after import = 18
========================================================================
Received Import Request.
  Time since last request: 2.870130 seconds.
  path: Assets/Art/Assets/Environment/exit_sign_separate.obj
  artifactKey: Guid(cefe35852de8a9442990febbca24ed64) Importer(815301076,1909f56bfc062723c751e8b465ee728b)
Number of updated assets reloaded before import = 0
Start importing Assets/Art/Assets/Environment/exit_sign_separate.obj using Guid(cefe35852de8a9442990febbca24ed64) Importer(815301076,1909f56bfc062723c751e8b465ee728b)  -> (artifact id: 'e55d2cccccb68a8bb4083a80f45c939b') in 0.046168 seconds 
Number of asset objects unloaded after import = 23
========================================================================
Received Import Request.
  Time since last request: 13.854509 seconds.
  path: Assets/Art/Assets/Environment/Mug_Uv.obj
  artifactKey: Guid(52cc0249ff90c974daaaa5ac6ec75306) Importer(815301076,1909f56bfc062723c751e8b465ee728b)
Number of updated assets reloaded before import = 0
Start importing Assets/Art/Assets/Environment/Mug_Uv.obj using Guid(52cc0249ff90c974daaaa5ac6ec75306) Importer(815301076,1909f56bfc062723c751e8b465ee728b)  -> (artifact id: '329cabd6caf2575e1f4aef2ab1fe38ca') in 0.099537 seconds 
Number of asset objects unloaded after import = 17
========================================================================
Received Import Request.
  Time since last request: 2.933910 seconds.
  path: Assets/Art/Assets/Environment/Plant.fbx
  artifactKey: Guid(e155aa323c4bb1e4a859418371013308) Importer(815301076,1909f56bfc062723c751e8b465ee728b)
Number of updated assets reloaded before import = 0
Start importing Assets/Art/Assets/Environment/Plant.fbx using Guid(e155aa323c4bb1e4a859418371013308) Importer(815301076,1909f56bfc062723c751e8b465ee728b)  -> (artifact id: '6556e36421ffe1fc7d89ebb080a0ee62') in 0.020156 seconds 
Number of asset objects unloaded after import = 20
========================================================================
Received Import Request.
  Time since last request: 4.570820 seconds.
  path: Assets/Art/Assets/Environment/SmallCabinet.fbx
  artifactKey: Guid(c0f0580a157ba0f4b8328183065eb683) Importer(815301076,1909f56bfc062723c751e8b465ee728b)
Number of updated assets reloaded before import = 0
Start importing Assets/Art/Assets/Environment/SmallCabinet.fbx using Guid(c0f0580a157ba0f4b8328183065eb683) Importer(815301076,1909f56bfc062723c751e8b465ee728b)  -> (artifact id: '30de80597e8c2e312c59077ecfe50166') in 0.026173 seconds 
Number of asset objects unloaded after import = 12
========================================================================
Received Import Request.
  Time since last request: 7.107483 seconds.
  path: Assets/Art/Assets/Environment/speaker_uv (1).obj
  artifactKey: Guid(c14c64bb49a71174a928e63fde3d1d00) Importer(815301076,1909f56bfc062723c751e8b465ee728b)
Number of updated assets reloaded before import = 0
Start importing Assets/Art/Assets/Environment/speaker_uv (1).obj using Guid(c14c64bb49a71174a928e63fde3d1d00) Importer(815301076,1909f56bfc062723c751e8b465ee728b)  -> (artifact id: '3a983af7a63dac733ad7ef33444f4450') in 0.212880 seconds 
Number of asset objects unloaded after import = 41
========================================================================
Received Import Request.
  Time since last request: 4.767936 seconds.
  path: Assets/Art/Assets/Environment/WindowTextured.fbx
  artifactKey: Guid(6bab659d169805c4d8f37fa681d29202) Importer(815301076,1909f56bfc062723c751e8b465ee728b)
Number of updated assets reloaded before import = 0
Start importing Assets/Art/Assets/Environment/WindowTextured.fbx using Guid(6bab659d169805c4d8f37fa681d29202) Importer(815301076,1909f56bfc062723c751e8b465ee728b)  -> (artifact id: 'ad6e52690f8a389b2c97417df05b24c7') in 0.020288 seconds 
Number of asset objects unloaded after import = 16
========================================================================
Received Import Request.
  Time since last request: 33.652406 seconds.
  path: Assets/Art/Textures/Cabinet_Small_Uv_initialShadingGroup_BaseMap 1.png
  artifactKey: Guid(5447d3d43eb539a40805640057963bfd) Importer(815301076,1909f56bfc062723c751e8b465ee728b)
Number of updated assets reloaded before import = 0
Start importing Assets/Art/Textures/Cabinet_Small_Uv_initialShadingGroup_BaseMap 1.png using Guid(5447d3d43eb539a40805640057963bfd) Importer(815301076,1909f56bfc062723c751e8b465ee728b)  -> (artifact id: '9cb78407a62b13b16f8b339bc785623d') in 0.014533 seconds 
Number of asset objects unloaded after import = 2
========================================================================
Received Import Request.
  Time since last request: 0.000048 seconds.
  path: Assets/Art/Textures/Cabinet_Small_Uv_initialShadingGroup_Normal 1.png
  artifactKey: Guid(32f90778d00c37a4a937b59d6a1ede51) Importer(815301076,1909f56bfc062723c751e8b465ee728b)
Number of updated assets reloaded before import = 0
Start importing Assets/Art/Textures/Cabinet_Small_Uv_initialShadingGroup_Normal 1.png using Guid(32f90778d00c37a4a937b59d6a1ede51) Importer(815301076,1909f56bfc062723c751e8b465ee728b)  -> (artifact id: '9588aaa5025ceb0c0d77950caed3fe36') in 0.023454 seconds 
Number of asset objects unloaded after import = 2
========================================================================
Received Import Request.
  Time since last request: 7.442582 seconds.
  path: Assets/Art/Assets/Materials/Cabinet_Small_Material.mat
  artifactKey: Guid(a401f3e1d7645234a8ff116393d13848) Importer(815301076,1909f56bfc062723c751e8b465ee728b)
Number of updated assets reloaded before import = 0
Start importing Assets/Art/Assets/Materials/Cabinet_Small_Material.mat using Guid(a401f3e1d7645234a8ff116393d13848) Importer(815301076,1909f56bfc062723c751e8b465ee728b)  -> (artifact id: '0d417ebee65094a851fb83108cd8ee58') in 0.031659 seconds 
Number of asset objects unloaded after import = 6
========================================================================
Received Import Request.
  Time since last request: 29.386539 seconds.
  path: Assets/Art/Assets/Models
  artifactKey: Guid(67878635b03e22840a567151e5b02d49) Importer(815301076,1909f56bfc062723c751e8b465ee728b)
Number of updated assets reloaded before import = 0
Start importing Assets/Art/Assets/Models using Guid(67878635b03e22840a567151e5b02d49) Importer(815301076,1909f56bfc062723c751e8b465ee728b)  -> (artifact id: '9a4432c009437d2f07663d6ffd9a2cec') in 0.001460 seconds 
Number of asset objects unloaded after import = 0
========================================================================
Received Import Request.
  Time since last request: 6.913459 seconds.
  path: Assets/Invector-3rdPersonController_LITE/3D Models/Textures/prototype_textures/Materials/ladder_chromo.mat
  artifactKey: Guid(b2b10d5d20df19c4095609048c3bec10) Importer(815301076,1909f56bfc062723c751e8b465ee728b)
Number of updated assets reloaded before import = 0
Start importing Assets/Invector-3rdPersonController_LITE/3D Models/Textures/prototype_textures/Materials/ladder_chromo.mat using Guid(b2b10d5d20df19c4095609048c3bec10) Importer(815301076,1909f56bfc062723c751e8b465ee728b)  -> (artifact id: '6cdd7dc12b7d9a3c049b74463eeef562') in 0.008799 seconds 
Number of asset objects unloaded after import = 2
========================================================================
Received Import Request.
  Time since last request: 0.000029 seconds.
  path: Assets/Invector-3rdPersonController_LITE/3D Models/Textures/basicTextures/Materials/LocomotionBanner.mat
  artifactKey: Guid(1fde83912a8bec848bc5c8d01d2afe97) Importer(815301076,1909f56bfc062723c751e8b465ee728b)
Number of updated assets reloaded before import = 0
Start importing Assets/Invector-3rdPersonController_LITE/3D Models/Textures/basicTextures/Materials/LocomotionBanner.mat using Guid(1fde83912a8bec848bc5c8d01d2afe97) Importer(815301076,1909f56bfc062723c751e8b465ee728b)  -> (artifact id: '7de7e943c4f398b81ea1c0d930100848') in 0.008306 seconds 
Number of asset objects unloaded after import = 2
========================================================================
Received Import Request.
  Time since last request: 7.819607 seconds.
  path: Assets/Art/Assets/Models/Mug_Uv.obj
  artifactKey: Guid(52cc0249ff90c974daaaa5ac6ec75306) Importer(815301076,1909f56bfc062723c751e8b465ee728b)
Number of updated assets reloaded before import = 0
Start importing Assets/Art/Assets/Models/Mug_Uv.obj using Guid(52cc0249ff90c974daaaa5ac6ec75306) Importer(815301076,1909f56bfc062723c751e8b465ee728b)  -> (artifact id: '0c3fc267e5154e1115f64316330bc633') in 0.073260 seconds 
Number of asset objects unloaded after import = 23
========================================================================
Received Import Request.
  Time since last request: 154.012231 seconds.
  path: Assets/Art/Assets/Models/exit_sign_separate.obj
  artifactKey: Guid(cefe35852de8a9442990febbca24ed64) Importer(815301076,1909f56bfc062723c751e8b465ee728b)
Number of updated assets reloaded before import = 0
Start importing Assets/Art/Assets/Models/exit_sign_separate.obj using Guid(cefe35852de8a9442990febbca24ed64) Importer(815301076,1909f56bfc062723c751e8b465ee728b)  -> (artifact id: 'e161863d949cbb95cd136adc5979b229') in 1.021858 seconds 
Number of asset objects unloaded after import = 23
