Using pre-set license
Built from '2021.3/staging' branch; Version is '2021.3.30f1 (b4360d7cdac4) revision 11810317'; Using compiler version '192829333'; Build Type 'Release'
OS: 'Windows 11  (10.0.22631) 64bit Core' Language: 'en' Physical Memory: 15775 MB
BatchMode: 1, IsHumanControllingUs: 0, StartBugReporterOnCrash: 0, Is64bit: 1, IsPro: 1

COMMAND LINE ARGUMENTS:
C:\Program Files\Unity\Hub\Editor\2021.3.30f1\Editor\Unity.exe
-adb2
-batchMode
-noUpm
-name
AssetImportWorker2
-projectPath
C:/Users/patgh/Documents/SaxionCMGT/Year 2/Term 3/Project Innovation/Project Innovation/Project-Innovation
-logFile
Logs/AssetImportWorker2.log
-srvPort
59967
Successfully changed project path to: C:/Users/patgh/Documents/SaxionCMGT/Year 2/Term 3/Project Innovation/Project Innovation/Project-Innovation
C:/Users/patgh/Documents/SaxionCMGT/Year 2/Term 3/Project Innovation/Project Innovation/Project-Innovation
[UnityMemory] Configuration Parameters - Can be set up in boot.config
    "memorysetup-bucket-allocator-granularity=16"
    "memorysetup-bucket-allocator-bucket-count=8"
    "memorysetup-bucket-allocator-block-size=33554432"
    "memorysetup-bucket-allocator-block-count=8"
    "memorysetup-main-allocator-block-size=16777216"
    "memorysetup-thread-allocator-block-size=16777216"
    "memorysetup-gfx-main-allocator-block-size=16777216"
    "memorysetup-gfx-thread-allocator-block-size=16777216"
    "memorysetup-cache-allocator-block-size=4194304"
    "memorysetup-typetree-allocator-block-size=2097152"
    "memorysetup-profiler-bucket-allocator-granularity=16"
    "memorysetup-profiler-bucket-allocator-bucket-count=8"
    "memorysetup-profiler-bucket-allocator-block-size=33554432"
    "memorysetup-profiler-bucket-allocator-block-count=8"
    "memorysetup-profiler-allocator-block-size=16777216"
    "memorysetup-profiler-editor-allocator-block-size=1048576"
    "memorysetup-temp-allocator-size-main=16777216"
    "memorysetup-job-temp-allocator-block-size=2097152"
    "memorysetup-job-temp-allocator-block-size-background=1048576"
    "memorysetup-job-temp-allocator-reduction-small-platforms=262144"
    "memorysetup-temp-allocator-size-background-worker=32768"
    "memorysetup-temp-allocator-size-job-worker=262144"
    "memorysetup-temp-allocator-size-preload-manager=33554432"
    "memorysetup-temp-allocator-size-nav-mesh-worker=65536"
    "memorysetup-temp-allocator-size-audio-worker=65536"
    "memorysetup-temp-allocator-size-cloud-worker=32768"
    "memorysetup-temp-allocator-size-gi-baking-worker=262144"
    "memorysetup-temp-allocator-size-gfx=262144"
Player connection [44436] Host "[IP] 145.76.105.112 [Port] 0 [Flags] 2 [Guid] 903573921 [EditorId] 903573921 [Version] 1048832 [Id] WindowsEditor(7,LAPTOP-DUAM6K6B) [Debug] 1 [PackageName] WindowsEditor [ProjectName] Editor" joined multi-casting on [225.0.0.222:54997]...

Player connection [44436] Host "[IP] 145.76.105.112 [Port] 0 [Flags] 2 [Guid] 903573921 [EditorId] 903573921 [Version] 1048832 [Id] WindowsEditor(7,LAPTOP-DUAM6K6B) [Debug] 1 [PackageName] WindowsEditor [ProjectName] Editor" joined alternative multi-casting on [225.0.0.222:34997]...

[Physics::Module] Initialized MultithreadedJobDispatcher with {0} workers.
Refreshing native plugins compatible for Editor in 149.05 ms, found 11 plugins.
Preloading 1 native plugins for Editor in 0.47 ms.
Initialize engine version: 2021.3.30f1 (b4360d7cdac4)
[Subsystems] Discovering subsystems at path C:/Program Files/Unity/Hub/Editor/2021.3.30f1/Editor/Data/Resources/UnitySubsystems
[Subsystems] Discovering subsystems at path C:/Users/patgh/Documents/SaxionCMGT/Year 2/Term 3/Project Innovation/Project Innovation/Project-Innovation/Assets
GfxDevice: creating device client; threaded=0; jobified=0
Direct3D:
    Version:  Direct3D 11.0 [level 11.1]
    Renderer: NVIDIA GeForce RTX 3060 Laptop GPU (ID=0x2520)
    Vendor:   NVIDIA
    VRAM:     5996 MB
    Driver:   31.0.15.5123
Initialize mono
Mono path[0] = 'C:/Program Files/Unity/Hub/Editor/2021.3.30f1/Editor/Data/Managed'
Mono path[1] = 'C:/Program Files/Unity/Hub/Editor/2021.3.30f1/Editor/Data/MonoBleedingEdge/lib/mono/unityjit-win32'
Mono config path = 'C:/Program Files/Unity/Hub/Editor/2021.3.30f1/Editor/Data/MonoBleedingEdge/etc'
Using monoOptions --debugger-agent=transport=dt_socket,embedding=1,server=y,suspend=n,address=127.0.0.1:56528
Begin MonoManager ReloadAssembly
Registering precompiled unity dll's ...
Register platform support module: C:/Program Files/Unity/Hub/Editor/2021.3.30f1/Editor/Data/PlaybackEngines/AndroidPlayer/UnityEditor.Android.Extensions.dll
Register platform support module: C:/Program Files/Unity/Hub/Editor/2021.3.30f1/Editor/Data/PlaybackEngines/WindowsStandaloneSupport/UnityEditor.WindowsStandalone.Extensions.dll
Registered in 0.006502 seconds.
Native extension for WindowsStandalone target not found
Native extension for Android target not found
Android Extension - Scanning For ADB Devices 247 ms
Refreshing native plugins compatible for Editor in 115.86 ms, found 11 plugins.
Preloading 1 native plugins for Editor in 0.08 ms.
Mono: successfully reloaded assembly
- Completed reload, in  0.914 seconds
Domain Reload Profiling:
	ReloadAssembly (914ms)
		BeginReloadAssembly (84ms)
			ExecutionOrderSort (0ms)
			DisableScriptedObjects (0ms)
			BackupInstance (0ms)
			ReleaseScriptingObjects (0ms)
			CreateAndSetChildDomain (1ms)
		EndReloadAssembly (744ms)
			LoadAssemblies (82ms)
			RebuildTransferFunctionScriptingTraits (0ms)
			SetupTypeCache (100ms)
			ReleaseScriptCaches (0ms)
			RebuildScriptCaches (22ms)
			SetupLoadedEditorAssemblies (581ms)
				LogAssemblyErrors (0ms)
				InitializePlatformSupportModulesInManaged (344ms)
				SetLoadedEditorAssemblies (0ms)
				RefreshPlugins (116ms)
				BeforeProcessingInitializeOnLoad (1ms)
				ProcessInitializeOnLoadAttributes (78ms)
				ProcessInitializeOnLoadMethodAttributes (42ms)
				AfterProcessingInitializeOnLoad (0ms)
				EditorAssembliesLoaded (0ms)
			ExecutionOrderSort2 (0ms)
			AwakeInstancesAfterBackupRestoration (0ms)
Platform modules already initialized, skipping
Registering precompiled user dll's ...
Registered in 0.018407 seconds.
Begin MonoManager ReloadAssembly
Native extension for WindowsStandalone target not found
Native extension for Android target not found
Refreshing native plugins compatible for Editor in 129.06 ms, found 11 plugins.
Preloading 1 native plugins for Editor in 0.09 ms.
Package Manager log level set to [2]
[Package Manager] Server::EnsureServerProcessIsRunning -- launch failed, reason: Unity was launched with the -noUpm command-line argument
[Package Manager] Cannot connect to Unity Package Manager local server
Mono: successfully reloaded assembly
- Completed reload, in  2.014 seconds
Domain Reload Profiling:
	ReloadAssembly (2015ms)
		BeginReloadAssembly (144ms)
			ExecutionOrderSort (0ms)
			DisableScriptedObjects (7ms)
			BackupInstance (0ms)
			ReleaseScriptingObjects (0ms)
			CreateAndSetChildDomain (25ms)
		EndReloadAssembly (1744ms)
			LoadAssemblies (128ms)
			RebuildTransferFunctionScriptingTraits (0ms)
			SetupTypeCache (433ms)
			ReleaseScriptCaches (1ms)
			RebuildScriptCaches (93ms)
			SetupLoadedEditorAssemblies (1032ms)
				LogAssemblyErrors (0ms)
				InitializePlatformSupportModulesInManaged (25ms)
				SetLoadedEditorAssemblies (0ms)
				RefreshPlugins (129ms)
				BeforeProcessingInitializeOnLoad (122ms)
				ProcessInitializeOnLoadAttributes (647ms)
				ProcessInitializeOnLoadMethodAttributes (100ms)
				AfterProcessingInitializeOnLoad (9ms)
				EditorAssembliesLoaded (0ms)
			ExecutionOrderSort2 (0ms)
			AwakeInstancesAfterBackupRestoration (6ms)
Platform modules already initialized, skipping
========================================================================
Worker process is ready to serve import requests
Launched and connected shader compiler UnityShaderCompiler.exe after 0.08 seconds
Refreshing native plugins compatible for Editor in 2.17 ms, found 11 plugins.
Preloading 1 native plugins for Editor in 0.14 ms.
Unloading 5632 Unused Serialized files (Serialized files now loaded: 0)
Unloading 140 unused Assets / (0.7 MB). Loaded Objects now: 5998.
Memory consumption went from 228.9 MB to 228.1 MB.
Total: 5.167400 ms (FindLiveObjects: 0.735300 ms CreateObjectMapping: 0.291700 ms MarkObjects: 3.588200 ms  DeleteObjects: 0.551100 ms)

AssetImportParameters requested are different than current active one (requested -> active):
  custom:video-decoder-ogg-theora: a1e56fd34408186e4bbccfd4996cb3dc -> 
  custom:container-muxer-webm: aa71ff27fc2769a1b78a27578f13a17b -> 
  custom:container-demuxer-webm: 4f35f7cbe854078d1ac9338744f61a02 -> 
  custom:video-encoder-webm-vp8: eb34c28f22e8b96e1ab97ce403110664 -> 
  custom:video-codec-MediaFoundation-h265: 746d11721c4dcdbdad8f713fa42b33f4 -> 
  custom:audio-encoder-webm-vorbis: bf7c407c2cedff20999df2af8eb42d56 -> 
  custom:framework-win-MediaFoundation: 216162199b28c13a410421893ffa2e32 -> 
  custom:container-demuxer-ogg: 62fdf1f143b41e24485cea50d1cbac27 -> 
  custom:video-decoder-webm-vp8: 9c59270c3fd7afecdb556c50c9e8de78 -> 
  custom:audio-decoder-ogg-vorbis: bf7c407c2cedff20999df2af8eb42d56 -> 
========================================================================
Received Prepare
Refreshing native plugins compatible for Editor in 38.92 ms, found 11 plugins.
Preloading 1 native plugins for Editor in 0.09 ms.
Unloading 126 Unused Serialized files (Serialized files now loaded: 0)
Unloading 126 unused Assets / (0.7 MB). Loaded Objects now: 5998.
Memory consumption went from 107.8 MB to 107.1 MB.
Total: 4.704900 ms (FindLiveObjects: 0.612600 ms CreateObjectMapping: 0.463200 ms MarkObjects: 3.194000 ms  DeleteObjects: 0.434100 ms)

AssetImportParameters requested are different than current active one (requested -> active):
  custom:video-decoder-ogg-theora: a1e56fd34408186e4bbccfd4996cb3dc -> 
  custom:container-muxer-webm: aa71ff27fc2769a1b78a27578f13a17b -> 
  custom:container-demuxer-webm: 4f35f7cbe854078d1ac9338744f61a02 -> 
  custom:video-encoder-webm-vp8: eb34c28f22e8b96e1ab97ce403110664 -> 
  custom:video-codec-MediaFoundation-h265: 746d11721c4dcdbdad8f713fa42b33f4 -> 
  custom:CustomObjectIndexerAttribute: 6b0e35c9178b02a6363f3721b7b8e397 -> 
  custom:audio-encoder-webm-vorbis: bf7c407c2cedff20999df2af8eb42d56 -> 
  custom:framework-win-MediaFoundation: 216162199b28c13a410421893ffa2e32 -> 
  custom:SearchIndexIgnoredProperties: e643bd26f0fe6173181afceb89e7c659 -> 
  custom:container-demuxer-ogg: 62fdf1f143b41e24485cea50d1cbac27 -> 
  custom:video-decoder-webm-vp8: 9c59270c3fd7afecdb556c50c9e8de78 -> 
  custom:audio-decoder-ogg-vorbis: bf7c407c2cedff20999df2af8eb42d56 -> 
========================================================================
Received Import Request.
  Time since last request: 415773.713326 seconds.
  path: Assets/Art/Assets/FakeVolumetric.fbx
  artifactKey: Guid(ce5f89f749c5b2846a83595e8cb07c02) Importer(815301076,1909f56bfc062723c751e8b465ee728b)
Number of updated assets reloaded before import = 0
Start importing Assets/Art/Assets/FakeVolumetric.fbx using Guid(ce5f89f749c5b2846a83595e8cb07c02) Importer(815301076,1909f56bfc062723c751e8b465ee728b)  -> (artifact id: '4d7735c59ba8fbc8ec33930d33f416d1') in 0.318046 seconds 
Number of asset objects unloaded after import = 18
========================================================================
Received Import Request.
  Time since last request: 0.000044 seconds.
  path: Assets/Art/Assets/White.png
  artifactKey: Guid(ddf3f2fa0fe464a418e77cff423845f3) Importer(815301076,1909f56bfc062723c751e8b465ee728b)
Number of updated assets reloaded before import = 0
Start importing Assets/Art/Assets/White.png using Guid(ddf3f2fa0fe464a418e77cff423845f3) Importer(815301076,1909f56bfc062723c751e8b465ee728b)  -> (artifact id: '03fd652c70ac675c8e253846aaba66d4') in 0.032787 seconds 
Number of asset objects unloaded after import = 2
========================================================================
Received Import Request.
  Time since last request: 0.000051 seconds.
  path: Assets/Art/Assets/VolumetricLight.mat
  artifactKey: Guid(a6481aea3f8a44146ac78603c70bc45f) Importer(815301076,1909f56bfc062723c751e8b465ee728b)
Number of updated assets reloaded before import = 0
Start importing Assets/Art/Assets/VolumetricLight.mat using Guid(a6481aea3f8a44146ac78603c70bc45f) Importer(815301076,1909f56bfc062723c751e8b465ee728b)  -> (artifact id: '8605900ac93cbbb3c328ea781a79ff9f') in 0.084671 seconds 
Number of asset objects unloaded after import = 4
========================================================================
Received Import Request.
  Time since last request: 0.000056 seconds.
  path: Assets/Art/Assets/VolumetricLight 1.mat
  artifactKey: Guid(2cc8311b3d52ec24d913981f1a504bc9) Importer(815301076,1909f56bfc062723c751e8b465ee728b)
Number of updated assets reloaded before import = 0
Start importing Assets/Art/Assets/VolumetricLight 1.mat using Guid(2cc8311b3d52ec24d913981f1a504bc9) Importer(815301076,1909f56bfc062723c751e8b465ee728b)  -> (artifact id: 'cde20f82a5bc3bb4f37c4b0235c51c5e') in 1.051562 seconds 
Number of asset objects unloaded after import = 3
========================================================================
Received Import Request.
  Time since last request: 0.042230 seconds.
  path: Assets/Art/Assets/Environment/Cabinet.fbx
  artifactKey: Guid(8bf6dbc2ba50e99448d9b0f571a4bde9) Importer(815301076,1909f56bfc062723c751e8b465ee728b)
Number of updated assets reloaded before import = 0
Start importing Assets/Art/Assets/Environment/Cabinet.fbx using Guid(8bf6dbc2ba50e99448d9b0f571a4bde9) Importer(815301076,1909f56bfc062723c751e8b465ee728b)  -> (artifact id: '35651ad64d617d1a46b5a3018063861d') in 0.055160 seconds 
Number of asset objects unloaded after import = 24
========================================================================
Received Import Request.
  Time since last request: 0.000029 seconds.
  path: Assets/Art/Assets/Environment/Cubicles.fbx
  artifactKey: Guid(a873ac16a703c324ba99e12aff01b911) Importer(815301076,1909f56bfc062723c751e8b465ee728b)
Number of updated assets reloaded before import = 0
Start importing Assets/Art/Assets/Environment/Cubicles.fbx using Guid(a873ac16a703c324ba99e12aff01b911) Importer(815301076,1909f56bfc062723c751e8b465ee728b)  -> (artifact id: '2109c51c50ff88851e8b787854e8d5a9') in 0.037437 seconds 
Number of asset objects unloaded after import = 108
========================================================================
Received Import Request.
  Time since last request: 0.000056 seconds.
  path: Assets/Art/Assets/Environment/plant_1.obj
  artifactKey: Guid(8e7a244640673b9408c822a25c058f45) Importer(815301076,1909f56bfc062723c751e8b465ee728b)
Number of updated assets reloaded before import = 0
Start importing Assets/Art/Assets/Environment/plant_1.obj using Guid(8e7a244640673b9408c822a25c058f45) Importer(815301076,1909f56bfc062723c751e8b465ee728b)  -> (artifact id: 'ad5ce54a29c2517c2ffa0440b629d1db') in 0.111450 seconds 
Number of asset objects unloaded after import = 62
========================================================================
Received Import Request.
  Time since last request: 0.000031 seconds.
  path: Assets/Art/Assets/Environment/DeskWithWall.fbx
  artifactKey: Guid(cb650e739042b5c4bb350dc9831fd56a) Importer(815301076,1909f56bfc062723c751e8b465ee728b)
Number of updated assets reloaded before import = 0
Start importing Assets/Art/Assets/Environment/DeskWithWall.fbx using Guid(cb650e739042b5c4bb350dc9831fd56a) Importer(815301076,1909f56bfc062723c751e8b465ee728b)  -> (artifact id: '944b61e92038892869d4d49072919853') in 0.032109 seconds 
Number of asset objects unloaded after import = 14
========================================================================
Received Import Request.
  Time since last request: 0.000045 seconds.
  path: Assets/Art/Assets/Environment/Monitors.fbx
  artifactKey: Guid(1742f1f521bb7cb42a7b8ce2094942f0) Importer(815301076,1909f56bfc062723c751e8b465ee728b)
Number of updated assets reloaded before import = 0
Start importing Assets/Art/Assets/Environment/Monitors.fbx using Guid(1742f1f521bb7cb42a7b8ce2094942f0) Importer(815301076,1909f56bfc062723c751e8b465ee728b)  -> (artifact id: 'bd96265fcbf4a47c36ffccce30000b0a') in 0.037763 seconds 
Number of asset objects unloaded after import = 30
========================================================================
Received Import Request.
  Time since last request: 0.000027 seconds.
  path: Assets/Art/Assets/Environment/DoorUntextured.fbx
  artifactKey: Guid(cbd72e0ef86afb440aa4c79edcafe975) Importer(815301076,1909f56bfc062723c751e8b465ee728b)
Number of updated assets reloaded before import = 0
Start importing Assets/Art/Assets/Environment/DoorUntextured.fbx using Guid(cbd72e0ef86afb440aa4c79edcafe975) Importer(815301076,1909f56bfc062723c751e8b465ee728b)  -> (artifact id: 'e6e4e787b05e294b4bacf4858a1e9916') in 0.036293 seconds 
Number of asset objects unloaded after import = 18
========================================================================
Received Import Request.
  Time since last request: 0.000030 seconds.
  path: Assets/Art/Assets/Environment/Floor_material.obj
  artifactKey: Guid(a7455e29d40ee6247b841a4db2ec86aa) Importer(815301076,1909f56bfc062723c751e8b465ee728b)
Number of updated assets reloaded before import = 0
Start importing Assets/Art/Assets/Environment/Floor_material.obj using Guid(a7455e29d40ee6247b841a4db2ec86aa) Importer(815301076,1909f56bfc062723c751e8b465ee728b)  -> (artifact id: '3f7c01fb3d8c3027077c4c0d24a08355') in 0.039611 seconds 
Number of asset objects unloaded after import = 11
========================================================================
Received Import Request.
  Time since last request: 0.000032 seconds.
  path: Assets/Art/Assets/Environment/cassetto_1.obj
  artifactKey: Guid(bcdc6a085fa50804083be7a11f812f6e) Importer(815301076,1909f56bfc062723c751e8b465ee728b)
Number of updated assets reloaded before import = 0
Start importing Assets/Art/Assets/Environment/cassetto_1.obj using Guid(bcdc6a085fa50804083be7a11f812f6e) Importer(815301076,1909f56bfc062723c751e8b465ee728b)  -> (artifact id: '8244e1f751526ab7e8f86ef36f82f45e') in 0.190730 seconds 
Number of asset objects unloaded after import = 77
========================================================================
Received Import Request.
  Time since last request: 0.000061 seconds.
  path: Assets/Art/Assets/Environment/Cubicles 1.fbx
  artifactKey: Guid(368d154671a6f3b4fac4a17cfc172202) Importer(815301076,1909f56bfc062723c751e8b465ee728b)
Number of updated assets reloaded before import = 0
Start importing Assets/Art/Assets/Environment/Cubicles 1.fbx using Guid(368d154671a6f3b4fac4a17cfc172202) Importer(815301076,1909f56bfc062723c751e8b465ee728b)  -> (artifact id: '8283c01ba8c713b31c749d13954ad6f2') in 0.047865 seconds 
Number of asset objects unloaded after import = 108
========================================================================
Received Import Request.
  Time since last request: 0.000054 seconds.
  path: Assets/Art/Assets/Environment/Desk.fbx
  artifactKey: Guid(ae2ee9637d4c9b140a78aa564fd76672) Importer(815301076,1909f56bfc062723c751e8b465ee728b)
Number of updated assets reloaded before import = 0
Start importing Assets/Art/Assets/Environment/Desk.fbx using Guid(ae2ee9637d4c9b140a78aa564fd76672) Importer(815301076,1909f56bfc062723c751e8b465ee728b)  -> (artifact id: '097adf794a3aeca5e4d68de5cbf2e116') in 0.035589 seconds 
Number of asset objects unloaded after import = 12
========================================================================
Received Import Request.
  Time since last request: 51.031948 seconds.
  path: Assets/Art/Assets/Materials/speaker_uv_initialShadingGroup_MaskMap.png
  artifactKey: Guid(97ac42ed236329e47935c5390ef7a210) Importer(815301076,1909f56bfc062723c751e8b465ee728b)
Number of updated assets reloaded before import = 0
Start importing Assets/Art/Assets/Materials/speaker_uv_initialShadingGroup_MaskMap.png using Guid(97ac42ed236329e47935c5390ef7a210) Importer(815301076,1909f56bfc062723c751e8b465ee728b)  -> (artifact id: '81cd1e1d0597b1c313863e036dad07e9') in 0.027791 seconds 
Number of asset objects unloaded after import = 2
Editor requested this worker to shutdown with reason: Scaling down because of idle timeout
AssetImportWorker is now disconnected from the server
Process exiting
Exiting without the bug reporter. Application will terminate with return code 0